<?xml version="1.0" encoding="UTF-8"?>
<testsuite xmlns:xsi="http://www.w3.org/2001/XMLSchema-instance" xsi:noNamespaceSchemaLocation="https://maven.apache.org/surefire/maven-surefire-plugin/xsd/surefire-test-report.xsd" name="com.example.date.to.words.DateToWordsApplicationTests" time="1.922" tests="85" errors="0" skipped="0" failures="0">
  <properties>
    <property name="sun.desktop" value="gnome"/>
    <property name="awt.toolkit" value="sun.awt.X11.XToolkit"/>
    <property name="java.specification.version" value="11"/>
    <property name="sun.cpu.isalist" value=""/>
    <property name="sun.jnu.encoding" value="UTF-8"/>
    <property name="java.class.path" value="/home/mytu/IdeaProjects/time-to-words/target/test-classes:/home/mytu/IdeaProjects/time-to-words/target/classes:/home/mytu/.m2/repository/org/springframework/boot/spring-boot-starter/2.4.2/spring-boot-starter-2.4.2.jar:/home/mytu/.m2/repository/org/springframework/boot/spring-boot/2.4.2/spring-boot-2.4.2.jar:/home/mytu/.m2/repository/org/springframework/spring-context/5.3.3/spring-context-5.3.3.jar:/home/mytu/.m2/repository/org/springframework/spring-aop/5.3.3/spring-aop-5.3.3.jar:/home/mytu/.m2/repository/org/springframework/spring-beans/5.3.3/spring-beans-5.3.3.jar:/home/mytu/.m2/repository/org/springframework/spring-expression/5.3.3/spring-expression-5.3.3.jar:/home/mytu/.m2/repository/org/springframework/boot/spring-boot-autoconfigure/2.4.2/spring-boot-autoconfigure-2.4.2.jar:/home/mytu/.m2/repository/org/springframework/boot/spring-boot-starter-logging/2.4.2/spring-boot-starter-logging-2.4.2.jar:/home/mytu/.m2/repository/ch/qos/logback/logback-classic/1.2.3/logback-classic-1.2.3.jar:/home/mytu/.m2/repository/ch/qos/logback/logback-core/1.2.3/logback-core-1.2.3.jar:/home/mytu/.m2/repository/org/apache/logging/log4j/log4j-to-slf4j/2.13.3/log4j-to-slf4j-2.13.3.jar:/home/mytu/.m2/repository/org/apache/logging/log4j/log4j-api/2.13.3/log4j-api-2.13.3.jar:/home/mytu/.m2/repository/org/slf4j/jul-to-slf4j/1.7.30/jul-to-slf4j-1.7.30.jar:/home/mytu/.m2/repository/jakarta/annotation/jakarta.annotation-api/1.3.5/jakarta.annotation-api-1.3.5.jar:/home/mytu/.m2/repository/org/springframework/spring-core/5.3.3/spring-core-5.3.3.jar:/home/mytu/.m2/repository/org/springframework/spring-jcl/5.3.3/spring-jcl-5.3.3.jar:/home/mytu/.m2/repository/org/yaml/snakeyaml/1.27/snakeyaml-1.27.jar:/home/mytu/.m2/repository/org/projectlombok/lombok/1.18.16/lombok-1.18.16.jar:/home/mytu/.m2/repository/org/springframework/boot/spring-boot-starter-test/2.4.2/spring-boot-starter-test-2.4.2.jar:/home/mytu/.m2/repository/org/springframework/boot/spring-boot-test/2.4.2/spring-boot-test-2.4.2.jar:/home/mytu/.m2/repository/org/springframework/boot/spring-boot-test-autoconfigure/2.4.2/spring-boot-test-autoconfigure-2.4.2.jar:/home/mytu/.m2/repository/com/jayway/jsonpath/json-path/2.4.0/json-path-2.4.0.jar:/home/mytu/.m2/repository/net/minidev/json-smart/2.3/json-smart-2.3.jar:/home/mytu/.m2/repository/net/minidev/accessors-smart/1.2/accessors-smart-1.2.jar:/home/mytu/.m2/repository/org/ow2/asm/asm/5.0.4/asm-5.0.4.jar:/home/mytu/.m2/repository/org/slf4j/slf4j-api/1.7.30/slf4j-api-1.7.30.jar:/home/mytu/.m2/repository/jakarta/xml/bind/jakarta.xml.bind-api/2.3.3/jakarta.xml.bind-api-2.3.3.jar:/home/mytu/.m2/repository/jakarta/activation/jakarta.activation-api/1.2.2/jakarta.activation-api-1.2.2.jar:/home/mytu/.m2/repository/org/assertj/assertj-core/3.18.1/assertj-core-3.18.1.jar:/home/mytu/.m2/repository/org/hamcrest/hamcrest/2.2/hamcrest-2.2.jar:/home/mytu/.m2/repository/org/junit/jupiter/junit-jupiter/5.7.0/junit-jupiter-5.7.0.jar:/home/mytu/.m2/repository/org/junit/jupiter/junit-jupiter-api/5.7.0/junit-jupiter-api-5.7.0.jar:/home/mytu/.m2/repository/org/apiguardian/apiguardian-api/1.1.0/apiguardian-api-1.1.0.jar:/home/mytu/.m2/repository/org/opentest4j/opentest4j/1.2.0/opentest4j-1.2.0.jar:/home/mytu/.m2/repository/org/junit/platform/junit-platform-commons/1.7.0/junit-platform-commons-1.7.0.jar:/home/mytu/.m2/repository/org/junit/jupiter/junit-jupiter-params/5.7.0/junit-jupiter-params-5.7.0.jar:/home/mytu/.m2/repository/org/junit/jupiter/junit-jupiter-engine/5.7.0/junit-jupiter-engine-5.7.0.jar:/home/mytu/.m2/repository/org/junit/platform/junit-platform-engine/1.7.0/junit-platform-engine-1.7.0.jar:/home/mytu/.m2/repository/org/mockito/mockito-core/3.6.28/mockito-core-3.6.28.jar:/home/mytu/.m2/repository/net/bytebuddy/byte-buddy/1.10.19/byte-buddy-1.10.19.jar:/home/mytu/.m2/repository/net/bytebuddy/byte-buddy-agent/1.10.19/byte-buddy-agent-1.10.19.jar:/home/mytu/.m2/repository/org/objenesis/objenesis/3.1/objenesis-3.1.jar:/home/mytu/.m2/repository/org/mockito/mockito-junit-jupiter/3.6.28/mockito-junit-jupiter-3.6.28.jar:/home/mytu/.m2/repository/org/skyscreamer/jsonassert/1.5.0/jsonassert-1.5.0.jar:/home/mytu/.m2/repository/com/vaadin/external/google/android-json/0.0.20131108.vaadin1/android-json-0.0.20131108.vaadin1.jar:/home/mytu/.m2/repository/org/springframework/spring-test/5.3.3/spring-test-5.3.3.jar:/home/mytu/.m2/repository/org/xmlunit/xmlunit-core/2.7.0/xmlunit-core-2.7.0.jar:"/>
    <property name="java.vm.vendor" value="Red Hat, Inc."/>
    <property name="sun.arch.data.model" value="64"/>
    <property name="java.vendor.url" value="https://www.redhat.com/"/>
    <property name="user.timezone" value=""/>
    <property name="java.vm.specification.version" value="11"/>
    <property name="os.name" value="Linux"/>
    <property name="sun.java.launcher" value="SUN_STANDARD"/>
    <property name="user.country" value="HK"/>
    <property name="sun.boot.library.path" value="/usr/lib/jvm/java-11-openjdk-11.0.9.11-0.fc31.x86_64/lib"/>
    <property name="sun.java.command" value="/home/mytu/IdeaProjects/time-to-words/target/surefire/surefirebooter16900507971375275713.jar /home/mytu/IdeaProjects/time-to-words/target/surefire 2021-01-25T11-26-50_251-jvmRun1 surefire15713770221259866095tmp surefire_016704695514874705311tmp"/>
    <property name="jdk.debug" value="release"/>
    <property name="surefire.test.class.path" value="/home/mytu/IdeaProjects/time-to-words/target/test-classes:/home/mytu/IdeaProjects/time-to-words/target/classes:/home/mytu/.m2/repository/org/springframework/boot/spring-boot-starter/2.4.2/spring-boot-starter-2.4.2.jar:/home/mytu/.m2/repository/org/springframework/boot/spring-boot/2.4.2/spring-boot-2.4.2.jar:/home/mytu/.m2/repository/org/springframework/spring-context/5.3.3/spring-context-5.3.3.jar:/home/mytu/.m2/repository/org/springframework/spring-aop/5.3.3/spring-aop-5.3.3.jar:/home/mytu/.m2/repository/org/springframework/spring-beans/5.3.3/spring-beans-5.3.3.jar:/home/mytu/.m2/repository/org/springframework/spring-expression/5.3.3/spring-expression-5.3.3.jar:/home/mytu/.m2/repository/org/springframework/boot/spring-boot-autoconfigure/2.4.2/spring-boot-autoconfigure-2.4.2.jar:/home/mytu/.m2/repository/org/springframework/boot/spring-boot-starter-logging/2.4.2/spring-boot-starter-logging-2.4.2.jar:/home/mytu/.m2/repository/ch/qos/logback/logback-classic/1.2.3/logback-classic-1.2.3.jar:/home/mytu/.m2/repository/ch/qos/logback/logback-core/1.2.3/logback-core-1.2.3.jar:/home/mytu/.m2/repository/org/apache/logging/log4j/log4j-to-slf4j/2.13.3/log4j-to-slf4j-2.13.3.jar:/home/mytu/.m2/repository/org/apache/logging/log4j/log4j-api/2.13.3/log4j-api-2.13.3.jar:/home/mytu/.m2/repository/org/slf4j/jul-to-slf4j/1.7.30/jul-to-slf4j-1.7.30.jar:/home/mytu/.m2/repository/jakarta/annotation/jakarta.annotation-api/1.3.5/jakarta.annotation-api-1.3.5.jar:/home/mytu/.m2/repository/org/springframework/spring-core/5.3.3/spring-core-5.3.3.jar:/home/mytu/.m2/repository/org/springframework/spring-jcl/5.3.3/spring-jcl-5.3.3.jar:/home/mytu/.m2/repository/org/yaml/snakeyaml/1.27/snakeyaml-1.27.jar:/home/mytu/.m2/repository/org/projectlombok/lombok/1.18.16/lombok-1.18.16.jar:/home/mytu/.m2/repository/org/springframework/boot/spring-boot-starter-test/2.4.2/spring-boot-starter-test-2.4.2.jar:/home/mytu/.m2/repository/org/springframework/boot/spring-boot-test/2.4.2/spring-boot-test-2.4.2.jar:/home/mytu/.m2/repository/org/springframework/boot/spring-boot-test-autoconfigure/2.4.2/spring-boot-test-autoconfigure-2.4.2.jar:/home/mytu/.m2/repository/com/jayway/jsonpath/json-path/2.4.0/json-path-2.4.0.jar:/home/mytu/.m2/repository/net/minidev/json-smart/2.3/json-smart-2.3.jar:/home/mytu/.m2/repository/net/minidev/accessors-smart/1.2/accessors-smart-1.2.jar:/home/mytu/.m2/repository/org/ow2/asm/asm/5.0.4/asm-5.0.4.jar:/home/mytu/.m2/repository/org/slf4j/slf4j-api/1.7.30/slf4j-api-1.7.30.jar:/home/mytu/.m2/repository/jakarta/xml/bind/jakarta.xml.bind-api/2.3.3/jakarta.xml.bind-api-2.3.3.jar:/home/mytu/.m2/repository/jakarta/activation/jakarta.activation-api/1.2.2/jakarta.activation-api-1.2.2.jar:/home/mytu/.m2/repository/org/assertj/assertj-core/3.18.1/assertj-core-3.18.1.jar:/home/mytu/.m2/repository/org/hamcrest/hamcrest/2.2/hamcrest-2.2.jar:/home/mytu/.m2/repository/org/junit/jupiter/junit-jupiter/5.7.0/junit-jupiter-5.7.0.jar:/home/mytu/.m2/repository/org/junit/jupiter/junit-jupiter-api/5.7.0/junit-jupiter-api-5.7.0.jar:/home/mytu/.m2/repository/org/apiguardian/apiguardian-api/1.1.0/apiguardian-api-1.1.0.jar:/home/mytu/.m2/repository/org/opentest4j/opentest4j/1.2.0/opentest4j-1.2.0.jar:/home/mytu/.m2/repository/org/junit/platform/junit-platform-commons/1.7.0/junit-platform-commons-1.7.0.jar:/home/mytu/.m2/repository/org/junit/jupiter/junit-jupiter-params/5.7.0/junit-jupiter-params-5.7.0.jar:/home/mytu/.m2/repository/org/junit/jupiter/junit-jupiter-engine/5.7.0/junit-jupiter-engine-5.7.0.jar:/home/mytu/.m2/repository/org/junit/platform/junit-platform-engine/1.7.0/junit-platform-engine-1.7.0.jar:/home/mytu/.m2/repository/org/mockito/mockito-core/3.6.28/mockito-core-3.6.28.jar:/home/mytu/.m2/repository/net/bytebuddy/byte-buddy/1.10.19/byte-buddy-1.10.19.jar:/home/mytu/.m2/repository/net/bytebuddy/byte-buddy-agent/1.10.19/byte-buddy-agent-1.10.19.jar:/home/mytu/.m2/repository/org/objenesis/objenesis/3.1/objenesis-3.1.jar:/home/mytu/.m2/repository/org/mockito/mockito-junit-jupiter/3.6.28/mockito-junit-jupiter-3.6.28.jar:/home/mytu/.m2/repository/org/skyscreamer/jsonassert/1.5.0/jsonassert-1.5.0.jar:/home/mytu/.m2/repository/com/vaadin/external/google/android-json/0.0.20131108.vaadin1/android-json-0.0.20131108.vaadin1.jar:/home/mytu/.m2/repository/org/springframework/spring-test/5.3.3/spring-test-5.3.3.jar:/home/mytu/.m2/repository/org/xmlunit/xmlunit-core/2.7.0/xmlunit-core-2.7.0.jar:"/>
    <property name="sun.cpu.endian" value="little"/>
    <property name="user.home" value="/home/mytu"/>
    <property name="user.language" value="en"/>
    <property name="java.specification.vendor" value="Oracle Corporation"/>
    <property name="java.version.date" value="2020-10-20"/>
    <property name="java.home" value="/usr/lib/jvm/java-11-openjdk-11.0.9.11-0.fc31.x86_64"/>
    <property name="file.separator" value="/"/>
    <property name="basedir" value="/home/mytu/IdeaProjects/time-to-words"/>
    <property name="java.vm.compressedOopsMode" value="Zero based"/>
    <property name="line.separator" value="&#10;"/>
    <property name="java.specification.name" value="Java Platform API Specification"/>
    <property name="java.vm.specification.vendor" value="Oracle Corporation"/>
    <property name="java.awt.graphicsenv" value="sun.awt.X11GraphicsEnvironment"/>
    <property name="surefire.real.class.path" value="/home/mytu/IdeaProjects/time-to-words/target/surefire/surefirebooter16900507971375275713.jar"/>
    <property name="sun.management.compiler" value="HotSpot 64-Bit Tiered Compilers"/>
    <property name="java.runtime.version" value="11.0.9+11"/>
    <property name="user.name" value="mytu"/>
    <property name="path.separator" value=":"/>
    <property name="os.version" value="5.8.18-100.fc31.x86_64"/>
    <property name="java.runtime.name" value="OpenJDK Runtime Environment"/>
    <property name="file.encoding" value="UTF-8"/>
    <property name="java.vm.name" value="OpenJDK 64-Bit Server VM"/>
    <property name="java.vendor.version" value="18.9"/>
    <property name="localRepository" value="/home/mytu/.m2/repository"/>
    <property name="java.vendor.url.bug" value="https://bugzilla.redhat.com/enter_bug.cgi?product=Fedora&amp;component=java-11-openjdk&amp;version=31"/>
    <property name="java.io.tmpdir" value="/tmp"/>
    <property name="java.version" value="11.0.9"/>
    <property name="user.dir" value="/home/mytu/IdeaProjects/time-to-words"/>
    <property name="os.arch" value="amd64"/>
    <property name="java.vm.specification.name" value="Java Virtual Machine Specification"/>
    <property name="java.awt.printerjob" value="sun.print.PSPrinterJob"/>
    <property name="sun.os.patch.level" value="unknown"/>
    <property name="java.library.path" value="/usr/java/packages/lib:/usr/lib64:/lib64:/lib:/usr/lib"/>
    <property name="java.vm.info" value="mixed mode, sharing"/>
    <property name="java.vendor" value="Red Hat, Inc."/>
    <property name="java.vm.version" value="11.0.9+11"/>
    <property name="sun.io.unicode.encoding" value="UnicodeLittle"/>
    <property name="java.class.version" value="55.0"/>
  </properties>
  <testcase name="shouldPrintPastFormat{String, String}[1]" classname="com.example.date.to.words.DateToWordsApplicationTests" time="0.336"/>
  <testcase name="shouldPrintPastFormat{String, String}[2]" classname="com.example.date.to.words.DateToWordsApplicationTests" time="0.003"/>
  <testcase name="shouldPrintPastFormat{String, String}[3]" classname="com.example.date.to.words.DateToWordsApplicationTests" time="0.003"/>
  <testcase name="shouldPrintPastFormat{String, String}[4]" classname="com.example.date.to.words.DateToWordsApplicationTests" time="0.004"/>
  <testcase name="shouldPrintPastFormat{String, String}[5]" classname="com.example.date.to.words.DateToWordsApplicationTests" time="0.004"/>
  <testcase name="shouldPrintPastFormat{String, String}[6]" classname="com.example.date.to.words.DateToWordsApplicationTests" time="0.004"/>
  <testcase name="shouldPrintPastFormat{String, String}[7]" classname="com.example.date.to.words.DateToWordsApplicationTests" time="0.004"/>
  <testcase name="shouldPrintPastFormat{String, String}[8]" classname="com.example.date.to.words.DateToWordsApplicationTests" time="0.003"/>
  <testcase name="shouldPrintPastFormat{String, String}[9]" classname="com.example.date.to.words.DateToWordsApplicationTests" time="0.003"/>
  <testcase name="shouldPrintPastFormat{String, String}[10]" classname="com.example.date.to.words.DateToWordsApplicationTests" time="0.003"/>
  <testcase name="shouldPrintPastFormat{String, String}[11]" classname="com.example.date.to.words.DateToWordsApplicationTests" time="0.004"/>
  <testcase name="shouldPrintPastFormat{String, String}[12]" classname="com.example.date.to.words.DateToWordsApplicationTests" time="0.004"/>
  <testcase name="shouldPrintPastFormat{String, String}[13]" classname="com.example.date.to.words.DateToWordsApplicationTests" time="0.004"/>
  <testcase name="shouldPrintPastFormat{String, String}[14]" classname="com.example.date.to.words.DateToWordsApplicationTests" time="0.003"/>
  <testcase name="shouldPrintPastFormat{String, String}[15]" classname="com.example.date.to.words.DateToWordsApplicationTests" time="0.004"/>
  <testcase name="shouldPrintPastFormat{String, String}[16]" classname="com.example.date.to.words.DateToWordsApplicationTests" time="0.005"/>
  <testcase name="shouldPrintPastFormat{String, String}[17]" classname="com.example.date.to.words.DateToWordsApplicationTests" time="0.004"/>
  <testcase name="shouldPrintPastFormat{String, String}[18]" classname="com.example.date.to.words.DateToWordsApplicationTests" time="0.004"/>
  <testcase name="shouldPrintPastFormat{String, String}[19]" classname="com.example.date.to.words.DateToWordsApplicationTests" time="0.004"/>
  <testcase name="shouldPrintPastFormat{String, String}[20]" classname="com.example.date.to.words.DateToWordsApplicationTests" time="0.005"/>
  <testcase name="shouldPrintPastFormat{String, String}[21]" classname="com.example.date.to.words.DateToWordsApplicationTests" time="0.003"/>
  <testcase name="shouldPrintPastFormat{String, String}[22]" classname="com.example.date.to.words.DateToWordsApplicationTests" time="0.002"/>
  <testcase name="shouldPrintPastFormat{String, String}[23]" classname="com.example.date.to.words.DateToWordsApplicationTests" time="0.003"/>
  <testcase name="shouldPrintPastFormat{String, String}[24]" classname="com.example.date.to.words.DateToWordsApplicationTests" time="0.003"/>
  <testcase name="shouldPrintPastFormat{String, String}[25]" classname="com.example.date.to.words.DateToWordsApplicationTests" time="0.003"/>
  <testcase name="shouldPrintPastFormat{String, String}[26]" classname="com.example.date.to.words.DateToWordsApplicationTests" time="0.004"/>
  <testcase name="shouldPrintPastFormat{String, String}[27]" classname="com.example.date.to.words.DateToWordsApplicationTests" time="0.003"/>
  <testcase name="shouldPrintPastFormat{String, String}[28]" classname="com.example.date.to.words.DateToWordsApplicationTests" time="0.003"/>
  <testcase name="shouldPrintPastFormat{String, String}[29]" classname="com.example.date.to.words.DateToWordsApplicationTests" time="0.003"/>
  <testcase name="shouldPrintWholeHour{String, String}[1]" classname="com.example.date.to.words.DateToWordsApplicationTests" time="0.002"/>
  <testcase name="shouldPrintWholeHour{String, String}[2]" classname="com.example.date.to.words.DateToWordsApplicationTests" time="0.001"/>
  <testcase name="shouldPrintWholeHour{String, String}[3]" classname="com.example.date.to.words.DateToWordsApplicationTests" time="0.002"/>
  <testcase name="shouldPrintWholeHour{String, String}[4]" classname="com.example.date.to.words.DateToWordsApplicationTests" time="0.001"/>
  <testcase name="shouldPrintWholeHour{String, String}[5]" classname="com.example.date.to.words.DateToWordsApplicationTests" time="0.002"/>
  <testcase name="shouldPrintWholeHour{String, String}[6]" classname="com.example.date.to.words.DateToWordsApplicationTests" time="0.003"/>
  <testcase name="shouldPrintWholeHour{String, String}[7]" classname="com.example.date.to.words.DateToWordsApplicationTests" time="0.003"/>
  <testcase name="shouldPrintWholeHour{String, String}[8]" classname="com.example.date.to.words.DateToWordsApplicationTests" time="0.003"/>
  <testcase name="shouldPrintWholeHour{String, String}[9]" classname="com.example.date.to.words.DateToWordsApplicationTests" time="0.003"/>
  <testcase name="shouldPrintWholeHour{String, String}[10]" classname="com.example.date.to.words.DateToWordsApplicationTests" time="0.003"/>
  <testcase name="shouldPrintWholeHour{String, String}[11]" classname="com.example.date.to.words.DateToWordsApplicationTests" time="0.002"/>
  <testcase name="shouldPrintWholeHour{String, String}[12]" classname="com.example.date.to.words.DateToWordsApplicationTests" time="0.002"/>
  <testcase name="shouldPrintWholeHour{String, String}[13]" classname="com.example.date.to.words.DateToWordsApplicationTests" time="0.003"/>
  <testcase name="shouldReturnWrongFormatMessage" classname="com.example.date.to.words.DateToWordsApplicationTests" time="0.003"/>
  <testcase name="shouldPrintToFormat{String, String}[1]" classname="com.example.date.to.words.DateToWordsApplicationTests" time="0.009"/>
  <testcase name="shouldPrintToFormat{String, String}[2]" classname="com.example.date.to.words.DateToWordsApplicationTests" time="0.003"/>
  <testcase name="shouldPrintToFormat{String, String}[3]" classname="com.example.date.to.words.DateToWordsApplicationTests" time="0.003"/>
  <testcase name="shouldPrintToFormat{String, String}[4]" classname="com.example.date.to.words.DateToWordsApplicationTests" time="0.002"/>
  <testcase name="shouldPrintToFormat{String, String}[5]" classname="com.example.date.to.words.DateToWordsApplicationTests" time="0.003"/>
  <testcase name="shouldPrintToFormat{String, String}[6]" classname="com.example.date.to.words.DateToWordsApplicationTests" time="0.004"/>
  <testcase name="shouldPrintToFormat{String, String}[7]" classname="com.example.date.to.words.DateToWordsApplicationTests" time="0.003"/>
  <testcase name="shouldPrintToFormat{String, String}[8]" classname="com.example.date.to.words.DateToWordsApplicationTests" time="0.004"/>
  <testcase name="shouldPrintToFormat{String, String}[9]" classname="com.example.date.to.words.DateToWordsApplicationTests" time="0.003"/>
  <testcase name="shouldPrintToFormat{String, String}[10]" classname="com.example.date.to.words.DateToWordsApplicationTests" time="0.004"/>
  <testcase name="shouldPrintToFormat{String, String}[11]" classname="com.example.date.to.words.DateToWordsApplicationTests" time="0.003"/>
  <testcase name="shouldPrintToFormat{String, String}[12]" classname="com.example.date.to.words.DateToWordsApplicationTests" time="0.002"/>
  <testcase name="shouldPrintToFormat{String, String}[13]" classname="com.example.date.to.words.DateToWordsApplicationTests" time="0.003"/>
  <testcase name="shouldPrintToFormat{String, String}[14]" classname="com.example.date.to.words.DateToWordsApplicationTests" time="0.002"/>
  <testcase name="shouldPrintToFormat{String, String}[15]" classname="com.example.date.to.words.DateToWordsApplicationTests" time="0.003"/>
  <testcase name="shouldPrintToFormat{String, String}[16]" classname="com.example.date.to.words.DateToWordsApplicationTests" time="0.002"/>
  <testcase name="shouldPrintToFormat{String, String}[17]" classname="com.example.date.to.words.DateToWordsApplicationTests" time="0.002"/>
  <testcase name="shouldPrintToFormat{String, String}[18]" classname="com.example.date.to.words.DateToWordsApplicationTests" time="0.002"/>
  <testcase name="shouldPrintToFormat{String, String}[19]" classname="com.example.date.to.words.DateToWordsApplicationTests" time="0.001"/>
  <testcase name="shouldPrintToFormat{String, String}[20]" classname="com.example.date.to.words.DateToWordsApplicationTests" time="0.002"/>
  <testcase name="shouldPrintToFormat{String, String}[21]" classname="com.example.date.to.words.DateToWordsApplicationTests" time="0.002"/>
  <testcase name="shouldPrintToFormat{String, String}[22]" classname="com.example.date.to.words.DateToWordsApplicationTests" time="0.002"/>
  <testcase name="shouldPrintToFormat{String, String}[23]" classname="com.example.date.to.words.DateToWordsApplicationTests" time="0.003"/>
  <testcase name="shouldPrintToFormat{String, String}[24]" classname="com.example.date.to.words.DateToWordsApplicationTests" time="0.003"/>
  <testcase name="shouldPrintToFormat{String, String}[25]" classname="com.example.date.to.words.DateToWordsApplicationTests" time="0.003"/>
  <testcase name="shouldPrintToFormat{String, String}[26]" classname="com.example.date.to.words.DateToWordsApplicationTests" time="0.002"/>
  <testcase name="shouldPrintToFormat{String, String}[27]" classname="com.example.date.to.words.DateToWordsApplicationTests" time="0.002"/>
  <testcase name="shouldPrintToFormat{String, String}[28]" classname="com.example.date.to.words.DateToWordsApplicationTests" time="0.003"/>
  <testcase name="shouldPrintToFormat{String, String}[29]" classname="com.example.date.to.words.DateToWordsApplicationTests" time="0.002"/>
  <testcase name="shouldPrintHalfFormat{String, String}[1]" classname="com.example.date.to.words.DateToWordsApplicationTests" time="0.004"/>
  <testcase name="shouldPrintHalfFormat{String, String}[2]" classname="com.example.date.to.words.DateToWordsApplicationTests" time="0.003"/>
  <testcase name="shouldPrintHalfFormat{String, String}[3]" classname="com.example.date.to.words.DateToWordsApplicationTests" time="0.003"/>
  <testcase name="shouldPrintHalfFormat{String, String}[4]" classname="com.example.date.to.words.DateToWordsApplicationTests" time="0.003"/>
  <testcase name="shouldPrintHalfFormat{String, String}[5]" classname="com.example.date.to.words.DateToWordsApplicationTests" time="0.003"/>
  <testcase name="shouldPrintHalfFormat{String, String}[6]" classname="com.example.date.to.words.DateToWordsApplicationTests" time="0.003"/>
  <testcase name="shouldPrintHalfFormat{String, String}[7]" classname="com.example.date.to.words.DateToWordsApplicationTests" time="0.002"/>
  <testcase name="shouldPrintHalfFormat{String, String}[8]" classname="com.example.date.to.words.DateToWordsApplicationTests" time="0.002"/>
  <testcase name="shouldPrintHalfFormat{String, String}[9]" classname="com.example.date.to.words.DateToWordsApplicationTests" time="0.003"/>
  <testcase name="shouldPrintHalfFormat{String, String}[10]" classname="com.example.date.to.words.DateToWordsApplicationTests" time="0.002"/>
  <testcase name="shouldPrintHalfFormat{String, String}[11]" classname="com.example.date.to.words.DateToWordsApplicationTests" time="0.003"/>
  <testcase name="shouldPrintHalfFormat{String, String}[12]" classname="com.example.date.to.words.DateToWordsApplicationTests" time="0.002"/>
  <testcase name="shouldPrintHalfFormat{String, String}[13]" classname="com.example.date.to.words.DateToWordsApplicationTests" time="0.003"/>
</testsuite>